This is pdfTeX, Version 3.1415926-2.5-1.40.14 (TeX Live 2013) (format=pdflatex 2013.12.4)  9 MAY 2014 14:47
entering extended mode
 restricted \write18 enabled.
 file:line:error style messages enabled.
 %&-line parsing enabled.
**Report.tex
(./Report.tex
LaTeX2e <2011/06/27>
Babel <3.9f> and hyphenation patterns for 78 languages loaded.
(/usr/local/texlive/2013/texmf-dist/tex/latex/IEEEtran/IEEEtran.cls
Document Class: IEEEtran 2012/12/27 V1.8 by Michael Shell
-- See the "IEEEtran_HOWTO" manual for usage information.
-- http://www.michaelshell.org/tex/ieeetran/
\@IEEEtrantmpdimenA=\dimen102
\@IEEEtrantmpdimenB=\dimen103
\@IEEEtrantmpcountA=\count79
\@IEEEtrantmpcountB=\count80
\@IEEEtrantmptoksA=\toks14
LaTeX Font Info:    Try loading font information for OT1+ptm on input line 368.

(/usr/local/texlive/2013/texmf-dist/tex/latex/psnfss/ot1ptm.fd
File: ot1ptm.fd 2001/06/04 font definitions for OT1/ptm.
)
-- Using 8.5in x 11in (letter) paper.
-- Using PDF output.
\@IEEEnormalsizeunitybaselineskip=\dimen104
-- This is a 10 point document.
\CLASSINFOnormalsizebaselineskip=\dimen105
\CLASSINFOnormalsizeunitybaselineskip=\dimen106
\IEEEnormaljot=\dimen107
LaTeX Font Info:    Font shape `OT1/ptm/bx/n' in size <5> not available
(Font)              Font shape `OT1/ptm/b/n' tried instead on input line 726.
LaTeX Font Info:    Font shape `OT1/ptm/bx/it' in size <5> not available
(Font)              Font shape `OT1/ptm/b/it' tried instead on input line 726.
LaTeX Font Info:    Font shape `OT1/ptm/bx/n' in size <7> not available
(Font)              Font shape `OT1/ptm/b/n' tried instead on input line 726.
LaTeX Font Info:    Font shape `OT1/ptm/bx/it' in size <7> not available
(Font)              Font shape `OT1/ptm/b/it' tried instead on input line 726.
LaTeX Font Info:    Font shape `OT1/ptm/bx/n' in size <8> not available
(Font)              Font shape `OT1/ptm/b/n' tried instead on input line 726.
LaTeX Font Info:    Font shape `OT1/ptm/bx/it' in size <8> not available
(Font)              Font shape `OT1/ptm/b/it' tried instead on input line 726.
LaTeX Font Info:    Font shape `OT1/ptm/bx/n' in size <9> not available
(Font)              Font shape `OT1/ptm/b/n' tried instead on input line 726.
LaTeX Font Info:    Font shape `OT1/ptm/bx/it' in size <9> not available
(Font)              Font shape `OT1/ptm/b/it' tried instead on input line 726.
LaTeX Font Info:    Font shape `OT1/ptm/bx/n' in size <10> not available
(Font)              Font shape `OT1/ptm/b/n' tried instead on input line 726.
LaTeX Font Info:    Font shape `OT1/ptm/bx/it' in size <10> not available
(Font)              Font shape `OT1/ptm/b/it' tried instead on input line 726.
LaTeX Font Info:    Font shape `OT1/ptm/bx/n' in size <11> not available
(Font)              Font shape `OT1/ptm/b/n' tried instead on input line 726.
LaTeX Font Info:    Font shape `OT1/ptm/bx/it' in size <11> not available
(Font)              Font shape `OT1/ptm/b/it' tried instead on input line 726.
LaTeX Font Info:    Font shape `OT1/ptm/bx/n' in size <12> not available
(Font)              Font shape `OT1/ptm/b/n' tried instead on input line 726.
LaTeX Font Info:    Font shape `OT1/ptm/bx/it' in size <12> not available
(Font)              Font shape `OT1/ptm/b/it' tried instead on input line 726.
LaTeX Font Info:    Font shape `OT1/ptm/bx/n' in size <17> not available
(Font)              Font shape `OT1/ptm/b/n' tried instead on input line 726.
LaTeX Font Info:    Font shape `OT1/ptm/bx/it' in size <17> not available
(Font)              Font shape `OT1/ptm/b/it' tried instead on input line 726.
LaTeX Font Info:    Font shape `OT1/ptm/bx/n' in size <20> not available
(Font)              Font shape `OT1/ptm/b/n' tried instead on input line 726.
LaTeX Font Info:    Font shape `OT1/ptm/bx/it' in size <20> not available
(Font)              Font shape `OT1/ptm/b/it' tried instead on input line 726.
LaTeX Font Info:    Font shape `OT1/ptm/bx/n' in size <24> not available
(Font)              Font shape `OT1/ptm/b/n' tried instead on input line 726.
LaTeX Font Info:    Font shape `OT1/ptm/bx/it' in size <24> not available
(Font)              Font shape `OT1/ptm/b/it' tried instead on input line 726.
\IEEEilabelindentA=\dimen108
\IEEEilabelindentB=\dimen109
\IEEEilabelindent=\dimen110
\IEEEelabelindent=\dimen111
\IEEEdlabelindent=\dimen112
\IEEElabelindent=\dimen113
\IEEEiednormlabelsep=\dimen114
\IEEEiedmathlabelsep=\dimen115
\IEEEiedtopsep=\skip41
\c@section=\count81
\c@subsection=\count82
\c@subsubsection=\count83
\c@paragraph=\count84
\c@IEEEsubequation=\count85
\abovecaptionskip=\skip42
\belowcaptionskip=\skip43
\c@figure=\count86
\c@table=\count87
\@IEEEeqnnumcols=\count88
\@IEEEeqncolcnt=\count89
\@IEEEsubeqnnumrollback=\count90
\@IEEEtmpitemindent=\dimen116
\c@IEEEbiography=\count91
\@IEEEtranrubishbin=\box26
) (/usr/local/texlive/2013/texmf-dist/tex/latex/listings/listings.sty
(/usr/local/texlive/2013/texmf-dist/tex/latex/graphics/keyval.sty
Package: keyval 1999/03/16 v1.13 key=value parser (DPC)
\KV@toks@=\toks15
)
\lst@mode=\count92
\lst@gtempboxa=\box27
\lst@token=\toks16
\lst@length=\count93
\lst@currlwidth=\dimen117
\lst@column=\count94
\lst@pos=\count95
\lst@lostspace=\dimen118
\lst@width=\dimen119
\lst@newlines=\count96
\lst@lineno=\count97
\lst@maxwidth=\dimen120

(/usr/local/texlive/2013/texmf-dist/tex/latex/listings/lstmisc.sty
File: lstmisc.sty 2007/02/22 1.4 (Carsten Heinz)
\c@lstnumber=\count98
\lst@skipnumbers=\count99
\lst@framebox=\box28
)
(/usr/local/texlive/2013/texmf-dist/tex/latex/listings/listings.cfg
File: listings.cfg 2007/02/22 1.4 listings configuration
))
Package: listings 2007/02/22 1.4 (Carsten Heinz)

(/usr/local/texlive/2013/texmf-dist/tex/latex/tools/enumerate.sty
Package: enumerate 1999/03/05 v3.00 enumerate extensions (DPC)
\@enLab=\toks17
)
(/usr/local/texlive/2013/texmf-dist/tex/latex/tools/array.sty
Package: array 2008/09/09 v2.4c Tabular extension package (FMi)
\col@sep=\dimen121
\extrarowheight=\dimen122
\NC@list=\toks18
\extratabsurround=\skip44
\backup@length=\skip45
)
(/usr/local/texlive/2013/texmf-dist/tex/latex/url/url.sty
\Urlmuskip=\muskip10
Package: url 2006/04/12  ver 3.3  Verb mode for urls, etc.
)
(/usr/local/texlive/2013/texmf-dist/tex/latex/listings/lstlang1.sty
File: lstlang1.sty 2004/09/05 1.3 listings language file
)
(/usr/local/texlive/2013/texmf-dist/tex/latex/graphics/graphicx.sty
Package: graphicx 1999/02/16 v1.0f Enhanced LaTeX Graphics (DPC,SPQR)

(/usr/local/texlive/2013/texmf-dist/tex/latex/graphics/graphics.sty
Package: graphics 2009/02/05 v1.0o Standard LaTeX Graphics (DPC,SPQR)

(/usr/local/texlive/2013/texmf-dist/tex/latex/graphics/trig.sty
Package: trig 1999/03/16 v1.09 sin cos tan (DPC)
)
(/usr/local/texlive/2013/texmf-dist/tex/latex/latexconfig/graphics.cfg
File: graphics.cfg 2010/04/23 v1.9 graphics configuration of TeX Live
)
Package graphics Info: Driver file: pdftex.def on input line 91.

(/usr/local/texlive/2013/texmf-dist/tex/latex/pdftex-def/pdftex.def
File: pdftex.def 2011/05/27 v0.06d Graphics/color for pdfTeX

(/usr/local/texlive/2013/texmf-dist/tex/generic/oberdiek/infwarerr.sty
Package: infwarerr 2010/04/08 v1.3 Providing info/warning/error messages (HO)
)
(/usr/local/texlive/2013/texmf-dist/tex/generic/oberdiek/ltxcmds.sty
Package: ltxcmds 2011/11/09 v1.22 LaTeX kernel commands for general use (HO)
)
\Gread@gobject=\count100
))
\Gin@req@height=\dimen123
\Gin@req@width=\dimen124
)
(/usr/local/texlive/2013/texmf-dist/tex/latex/amsmath/amsmath.sty
Package: amsmath 2013/01/14 v2.14 AMS math features
\@mathmargin=\skip46

For additional information on amsmath, use the `?' option.
(/usr/local/texlive/2013/texmf-dist/tex/latex/amsmath/amstext.sty
Package: amstext 2000/06/29 v2.01

(/usr/local/texlive/2013/texmf-dist/tex/latex/amsmath/amsgen.sty
File: amsgen.sty 1999/11/30 v2.0
\@emptytoks=\toks19
\ex@=\dimen125
))
(/usr/local/texlive/2013/texmf-dist/tex/latex/amsmath/amsbsy.sty
Package: amsbsy 1999/11/29 v1.2d
\pmbraise@=\dimen126
)
(/usr/local/texlive/2013/texmf-dist/tex/latex/amsmath/amsopn.sty
Package: amsopn 1999/12/14 v2.01 operator names
)
\inf@bad=\count101
LaTeX Info: Redefining \frac on input line 210.
\uproot@=\count102
\leftroot@=\count103
LaTeX Info: Redefining \overline on input line 306.
\classnum@=\count104
\DOTSCASE@=\count105
LaTeX Info: Redefining \ldots on input line 378.
LaTeX Info: Redefining \dots on input line 381.
LaTeX Info: Redefining \cdots on input line 466.
\Mathstrutbox@=\box29
\strutbox@=\box30
\big@size=\dimen127
LaTeX Font Info:    Redeclaring font encoding OML on input line 566.
LaTeX Font Info:    Redeclaring font encoding OMS on input line 567.
\macc@depth=\count106
\c@MaxMatrixCols=\count107
\dotsspace@=\muskip11
\c@parentequation=\count108
\dspbrk@lvl=\count109
\tag@help=\toks20
\row@=\count110
\column@=\count111
\maxfields@=\count112
\andhelp@=\toks21
\eqnshift@=\dimen128
\alignsep@=\dimen129
\tagshift@=\dimen130
\tagwidth@=\dimen131
\totwidth@=\dimen132
\lineht@=\dimen133
\@envbody=\toks22
\multlinegap=\skip47
\multlinetaggap=\skip48
\mathdisplay@stack=\toks23
LaTeX Info: Redefining \[ on input line 2665.
LaTeX Info: Redefining \] on input line 2666.
)
(./Report.aux

LaTeX Warning: Label `samplecode' multiply defined.

)
\openout1 = `Report.aux'.

LaTeX Font Info:    Checking defaults for OML/cmm/m/it on input line 398.
LaTeX Font Info:    ... okay on input line 398.
LaTeX Font Info:    Checking defaults for T1/cmr/m/n on input line 398.
LaTeX Font Info:    ... okay on input line 398.
LaTeX Font Info:    Checking defaults for OT1/cmr/m/n on input line 398.
LaTeX Font Info:    ... okay on input line 398.
LaTeX Font Info:    Checking defaults for OMS/cmsy/m/n on input line 398.
LaTeX Font Info:    ... okay on input line 398.
LaTeX Font Info:    Checking defaults for OMX/cmex/m/n on input line 398.
LaTeX Font Info:    ... okay on input line 398.
LaTeX Font Info:    Checking defaults for U/cmr/m/n on input line 398.
LaTeX Font Info:    ... okay on input line 398.
\c@lstlisting=\count113
 (/usr/local/texlive/2013/texmf-dist/tex/context/base/supp-pdf.mkii
[Loading MPS to PDF converter (version 2006.09.02).]
\scratchcounter=\count114
\scratchdimen=\dimen134
\scratchbox=\box31
\nofMPsegments=\count115
\nofMParguments=\count116
\everyMPshowfont=\toks24
\MPscratchCnt=\count117
\MPscratchDim=\dimen135
\MPnumerator=\count118
\makeMPintoPDFobject=\count119
\everyMPtoPDFconversion=\toks25
) (/usr/local/texlive/2013/texmf-dist/tex/generic/oberdiek/pdftexcmds.sty
Package: pdftexcmds 2011/11/29 v0.20 Utility functions of pdfTeX for LuaTeX (HO
)

(/usr/local/texlive/2013/texmf-dist/tex/generic/oberdiek/ifluatex.sty
Package: ifluatex 2010/03/01 v1.3 Provides the ifluatex switch (HO)
Package ifluatex Info: LuaTeX not detected.
)
(/usr/local/texlive/2013/texmf-dist/tex/generic/oberdiek/ifpdf.sty
Package: ifpdf 2011/01/30 v2.3 Provides the ifpdf switch (HO)
Package ifpdf Info: pdfTeX in PDF mode is detected.
)
Package pdftexcmds Info: LuaTeX not detected.
Package pdftexcmds Info: \pdf@primitive is available.
Package pdftexcmds Info: \pdf@ifprimitive is available.
Package pdftexcmds Info: \pdfdraftmode found.
)
(/usr/local/texlive/2013/texmf-dist/tex/latex/oberdiek/epstopdf-base.sty
Package: epstopdf-base 2010/02/09 v2.5 Base part for package epstopdf

(/usr/local/texlive/2013/texmf-dist/tex/latex/oberdiek/grfext.sty
Package: grfext 2010/08/19 v1.1 Manage graphics extensions (HO)

(/usr/local/texlive/2013/texmf-dist/tex/generic/oberdiek/kvdefinekeys.sty
Package: kvdefinekeys 2011/04/07 v1.3 Define keys (HO)
))
(/usr/local/texlive/2013/texmf-dist/tex/latex/oberdiek/kvoptions.sty
Package: kvoptions 2011/06/30 v3.11 Key value format for package options (HO)

(/usr/local/texlive/2013/texmf-dist/tex/generic/oberdiek/kvsetkeys.sty
Package: kvsetkeys 2012/04/25 v1.16 Key value parser (HO)

(/usr/local/texlive/2013/texmf-dist/tex/generic/oberdiek/etexcmds.sty
Package: etexcmds 2011/02/16 v1.5 Avoid name clashes with e-TeX commands (HO)
Package etexcmds Info: Could not find \expanded.
(etexcmds)             That can mean that you are not using pdfTeX 1.50 or
(etexcmds)             that some package has redefined \expanded.
(etexcmds)             In the latter case, load this package earlier.
)))
Package grfext Info: Graphics extension search list:
(grfext)             [.pdf,.jpeg,.png,.PNG,.GIF,.eps]
(grfext)             \AppendGraphicsExtensions on input line 452.

(/usr/local/texlive/2013/texmf-dist/tex/latex/latexconfig/epstopdf-sys.cfg
File: epstopdf-sys.cfg 2010/07/13 v1.3 Configuration of (r)epstopdf for TeX Liv
e
))
LaTeX Font Info:    Try loading font information for OMS+ptm on input line 499.


(/usr/local/texlive/2013/texmf-dist/tex/latex/psnfss/omsptm.fd
File: omsptm.fd 
)
LaTeX Font Info:    Font shape `OMS/ptm/m/n' in size <10> not available
(Font)              Font shape `OMS/cmsy/m/n' tried instead on input line 499.


LaTeX Warning: Citation `6021216' on page 1 undefined on input line 504.


Underfull \hbox (badness 3815) in paragraph at lines 516--519
[]\OT1/ptm/b/it/9 Index Terms\OT1/ptm/b/n/9 ---Cryptography, RSA, MT19937, Mers
enne
 []

** WARNING: \IEEEPARstart is locked out when in conference mode (line 554).
LaTeX Font Info:    External font `cmex10' loaded for size
(Font)              <7> on input line 653.
LaTeX Font Info:    External font `cmex10' loaded for size
(Font)              <5> on input line 653.

LaTeX Warning: Citation `6021216' on page 1 undefined on input line 661.

[1{/usr/local/texlive/2013/texmf-var/fonts/map/pdftex/updmap/pdftex.map}


]

LaTeX Warning: Citation `ecc' on page 2 undefined on input line 677.


LaTeX Warning: Citation `elgamal' on page 2 undefined on input line 685.


LaTeX Warning: Citation `dss' on page 2 undefined on input line 693.


LaTeX Warning: Citation `dss' on page 2 undefined on input line 693.


LaTeX Warning: Citation `dss' on page 2 undefined on input line 693.

Missing character: There is no Ð in font ptmr7t!

LaTeX Warning: Citation `diffie' on page 2 undefined on input line 709.


LaTeX Warning: Citation `diffie' on page 2 undefined on input line 709.


LaTeX Warning: Citation `diffie' on page 2 undefined on input line 709.

[2]

LaTeX Warning: Citation `eratos' on page 3 undefined on input line 720.

(./algo.py
LaTeX Font Info:    Try loading font information for OML+ptm on input line 7.
 (/usr/local/texlive/2013/texmf-dist/tex/latex/psnfss/omlptm.fd
File: omlptm.fd 
)
LaTeX Font Info:    Font shape `OML/ptm/m/n' in size <10> not available
(Font)              Font shape `OML/cmm/m/it' tried instead on input line 7.
)
Overfull \hbox (10.0pt too wide) in paragraph at lines 725--726
[]$[]$ 
 []


LaTeX Warning: Citation `sieve_complexity' on page 3 undefined on input line 72
8.


Underfull \hbox (badness 10000) in paragraph at lines 728--729
[]\OT1/ptm/m/n/10 The com-plex-ity of the al-go-rithm is
 []


Underfull \hbox (badness 2547) in paragraph at lines 728--729
\OML/cmm/m/it/10 O\OT1/cmr/m/n/10 (\OML/cmm/m/it/10 n\OT1/cmr/m/n/10 ([] \OML/c
mm/m/it/10 n\OT1/cmr/m/n/10 )([] [] \OML/cmm/m/it/10 n\OT1/cmr/m/n/10 ))$\OT1/p
tm/m/n/10 [[]] bit op-er-a-tions with a mem-ory
 []


Underfull \hbox (badness 7613) in paragraph at lines 728--729
\OT1/ptm/m/n/10 model is $\OML/cmm/m/it/10 O\OT1/cmr/m/n/10 (\OML/cmm/m/it/10 n
 [] [] n\OT1/cmr/m/n/10 )$ \OT1/ptm/m/n/10 op-er-a-tions; this is a di-rect
 []


LaTeX Warning: Citation `fermat' on page 3 undefined on input line 730.


LaTeX Warning: Citation `fermat' on page 3 undefined on input line 731.

LaTeX Font Info:    External font `cmex10' loaded for size
(Font)              <8> on input line 765.
LaTeX Font Info:    External font `cmex10' loaded for size
(Font)              <6> on input line 765.

Overfull \hbox (11.16812pt too wide) in paragraph at lines 765--776
 [] 
 []


LaTeX Warning: Citation `zeta_values' on page 3 undefined on input line 781.


LaTeX Warning: Citation `mrea' on page 3 undefined on input line 788.

[3]

LaTeX Warning: Citation `MT19937' on page 4 undefined on input line 843.


LaTeX Warning: Citation `MT19937' on page 4 undefined on input line 843.


LaTeX Warning: Citation `MT19937' on page 4 undefined on input line 845.


LaTeX Warning: Citation `wolfram_mt' on page 4 undefined on input line 849.


Underfull \hbox (badness 3503) in paragraph at lines 851--852
[]\OT1/ptm/b/n/10 Probability Den-sity Func-tion: $\OT1/cmr/m/n/10 2\OML/cmm/m/
it/10 :\OT1/cmr/m/n/10 386863070221 \OMS/cmsy/m/n/10 ^^B
 []


Underfull \hbox (badness 5924) in paragraph at lines 851--852
\OT1/cmr/m/n/10 10[]\OML/cmm/m/it/10 e[]\OT1/cmr/m/n/10 (\OML/cmm/m/it/10 x \OM
S/cmsy/m/n/10 ^^@ \OT1/cmr/m/n/10 2\OML/cmm/m/it/10 :\OT1/cmr/m/n/10 0728338266
6440 \OMS/cmsy/m/n/10 ^^B
 []


Underfull \hbox (badness 10000) in paragraph at lines 852--853
[]\OT1/ptm/b/n/10 Cumulative Dis-tribu-tive Func-tion (CDF):
 []


Underfull \hbox (badness 2293) in paragraph at lines 852--853
[]\OML/cmm/m/it/10 erfc\OT1/cmr/m/n/10 (4\OML/cmm/m/it/10 :\OT1/cmr/m/n/10 2306
04640398 \OMS/cmsy/m/n/10 ^^B \OT1/cmr/m/n/10 10[](2\OML/cmm/m/it/10 :\OT1/cmr/
m/n/10 07283382666440 \OMS/cmsy/m/n/10 ^^B
 []


LaTeX Warning: Citation `miller-rabin' on page 4 undefined on input line 856.


LaTeX Warning: Citation `miller-rabin' on page 4 undefined on input line 857.

(./miller_rabin.py)
Overfull \hbox (10.0pt too wide) in paragraph at lines 869--870
[]$[]$ 
 []


Underfull \vbox (badness 5862) has occurred while \output is active []

 [4]

LaTeX Warning: Citation `karatsuba' on page 5 undefined on input line 873.


LaTeX Warning: Citation `karatsuba' on page 5 undefined on input line 891.


LaTeX Warning: Citation `378085' on page 5 undefined on input line 913.

<Karatsuba-Complexity.png, id=34, 602.25pt x 372.39125pt>
File: Karatsuba-Complexity.png Graphic file (type png)

<use Karatsuba-Complexity.png>
Package pdftex.def Info: Karatsuba-Complexity.png used on input line 919.
(pdftex.def)             Requested size: 256.0748pt x 158.34657pt.

Overfull \hbox (4.0748pt too wide) in paragraph at lines 919--920
 [][] 
 []

(./RSA.py
Overfull \hbox (6.00262pt too wide) in paragraph at lines 224--225
[][][][][][][][][][][][][] 
 []


Overfull \hbox (6.00262pt too wide) in paragraph at lines 230--231
[][][][][][][][][][][][][][][][][][][] 
 []

)
Overfull \hbox (10.0pt too wide) in paragraph at lines 930--931
[]$[]$ 
 []

[5 <./Karatsuba-Complexity.png (PNG copy)>]

LaTeX Warning: Reference `table:karatsubaVSgrade' on page 6 undefined on input 
line 932.


LaTeX Warning: Reference `table:karatsubaVSgrade' on page 6 undefined on input 
line 932.

<karatsubaVSgradeSchool.jpg, id=38, 722.7pt x 542.025pt>
File: karatsubaVSgradeSchool.jpg Graphic file (type jpg)

<use karatsubaVSgradeSchool.jpg>
Package pdftex.def Info: karatsubaVSgradeSchool.jpg used on input line 957.
(pdftex.def)             Requested size: 256.0748pt x 192.05217pt.

Overfull \hbox (4.0748pt too wide) in paragraph at lines 957--958
 [][] 
 []


LaTeX Warning: Reference `fig:mersenne_performance' on page 6 undefined on inpu
t line 963.


LaTeX Warning: Citation `wolfram_mt' on page 6 undefined on input line 963.


Underfull \vbox (badness 4518) has occurred while \output is active []


<mt19937.png, id=39, 350.30875pt x 261.97874pt>
File: mt19937.png Graphic file (type png)
 <use mt19937.png>
Package pdftex.def Info: mt19937.png used on input line 967.
(pdftex.def)             Requested size: 256.0748pt x 191.5187pt.

Overfull \hbox (4.0748pt too wide) in paragraph at lines 967--968
 [][] 
 []


LaTeX Warning: Reference `fig:mersenne_time' on page 6 undefined on input line 
972.

<mersenneTime.png, id=41, 722.7pt x 542.025pt>
File: mersenneTime.png Graphic file (type png)
 <use mersenneTime.png>
Package pdftex.def Info: mersenneTime.png used on input line 976.
(pdftex.def)             Requested size: 256.0748pt x 192.05217pt.

Overfull \hbox (4.0748pt too wide) in paragraph at lines 976--977
 [][] 
 []


LaTeX Warning: Citation `karatsuba_multiplication' on page 6 undefined on input
 line 982.

[6 <./karatsubaVSgradeSchool.jpg> <./mt19937.png>]

LaTeX Warning: Citation `768_key' on page 7 undefined on input line 990.


LaTeX Warning: Citation `768_key' on page 7 undefined on input line 992.

(./Report.bbl
Underfull \hbox (badness 2376) in paragraph at lines 46--50
[]\OT1/ptm/m/n/8 M. Mat-sumoto and T. Nishimura.  Mersenne twister: A 623-
 []

)

** Conference Paper **
Before submitting the final camera ready copy, remember to:

 1. Manually equalize the lengths of two columns on the last page
 of your paper;

 2. Ensure that any PostScript and/or PDF output post-processing
 uses only Type 1 fonts and that every step in the generation
 process uses the appropriate paper size.

[7 <./mersenneTime.png>] (./Report.aux)

LaTeX Warning: There were undefined references.


LaTeX Warning: There were multiply-defined labels.

 ) 
Here is how much of TeX's memory you used:
 4247 strings out of 493315
 63496 string characters out of 6137904
 163809 words of memory out of 5000000
 7629 multiletter control sequences out of 15000+600000
 39875 words of font info for 73 fonts, out of 8000000 for 9000
 960 hyphenation exceptions out of 8191
 38i,10n,32p,1756b,1105s stack positions out of 5000i,500n,10000p,200000b,80000s
{/usr/local/texlive/2013/texmf-dist/fonts/enc/dvips/base/8r.enc}</usr/local/t
exlive/2013/texmf-dist/fonts/type1/public/amsfonts/cm/cmex10.pfb></usr/local/te
xlive/2013/texmf-dist/fonts/type1/public/amsfonts/cm/cmmi10.pfb></usr/local/tex
live/2013/texmf-dist/fonts/type1/public/amsfonts/cm/cmmi5.pfb></usr/local/texli
ve/2013/texmf-dist/fonts/type1/public/amsfonts/cm/cmmi6.pfb></usr/local/texlive
/2013/texmf-dist/fonts/type1/public/amsfonts/cm/cmmi7.pfb></usr/local/texlive/2
013/texmf-dist/fonts/type1/public/amsfonts/cm/cmmi8.pfb></usr/local/texlive/201
3/texmf-dist/fonts/type1/public/amsfonts/cm/cmr10.pfb></usr/local/texlive/2013/
texmf-dist/fonts/type1/public/amsfonts/cm/cmr5.pfb></usr/local/texlive/2013/tex
mf-dist/fonts/type1/public/amsfonts/cm/cmr6.pfb></usr/local/texlive/2013/texmf-
dist/fonts/type1/public/amsfonts/cm/cmr7.pfb></usr/local/texlive/2013/texmf-dis
t/fonts/type1/public/amsfonts/cm/cmr8.pfb></usr/local/texlive/2013/texmf-dist/f
onts/type1/public/amsfonts/cm/cmsy10.pfb></usr/local/texlive/2013/texmf-dist/fo
nts/type1/public/amsfonts/cm/cmsy5.pfb></usr/local/texlive/2013/texmf-dist/font
s/type1/public/amsfonts/cm/cmsy7.pfb></usr/local/texlive/2013/texmf-dist/fonts/
type1/public/amsfonts/cm/cmsy8.pfb></usr/local/texlive/2013/texmf-dist/fonts/ty
pe1/urw/times/utmb8a.pfb></usr/local/texlive/2013/texmf-dist/fonts/type1/urw/ti
mes/utmbi8a.pfb></usr/local/texlive/2013/texmf-dist/fonts/type1/urw/times/utmr8
a.pfb></usr/local/texlive/2013/texmf-dist/fonts/type1/urw/times/utmri8a.pfb>
Output written on Report.pdf (7 pages, 286242 bytes).
PDF statistics:
 112 PDF objects out of 1000 (max. 8388607)
 77 compressed objects within 1 object stream
 0 named destinations out of 1000 (max. 500000)
 21 words of extra memory for PDF output out of 10000 (max. 10000000)

